GROUP,PACKAGE,CLASS,INSTRUCTION_MISSED,INSTRUCTION_COVERED,BRANCH_MISSED,BRANCH_COVERED,LINE_MISSED,LINE_COVERED,COMPLEXITY_MISSED,COMPLEXITY_COVERED,METHOD_MISSED,METHOD_COVERED
jeux-sudoku,default,ElementInterditException,4,0,0,0,2,0,1,0,1,0
jeux-sudoku,default,ElementDeGrilleImplAsChar,9,0,0,0,4,0,2,0,2,0
jeux-sudoku,default,ValeurInitialeModificationException,4,0,0,0,2,0,1,0,1,0
jeux-sudoku,default,GrilleImpl,63,0,16,0,10,0,11,0,3,0
jeux-sudoku,default,HorsBornesException,4,0,0,0,2,0,1,0,1,0
jeux-sudoku,default,ValeurImpossibleException,4,0,0,0,2,0,1,0,1,0
